build/app/outputs/mapping/release/seeds.txt
com.example.job_search_app.MainActivity
com.example.job_search_app.MainActivity: MainActivity()
...
com.google.android.gms.internal.auth.zzdq: java.lang.Object remove(int)
com.google.android.gms.internal.firebase-auth-api.zzdl$zza: zzdl$zza(com.google.android.gms.internal.firebase-auth-api.zzdm)
com.google.android.recaptcha.internal.zzap: boolean zza(byte[])
androidx.core.content.ContextCompat: boolean startActivities(android.content.Context,android.content.Intent[])
com.google.android.gms.internal.firebase-auth-api.zzeo: void zza(com.google.android.gms.internal.firebase-auth-api.zzakn)
com.google.android.gms.internal.measurement.zzjm: java.lang.Object getValue()
com.google.android.gms.internal.measurement.zzfi$zze: long zzc()
com.google.android.gms.internal.measurement.zzfc$zzg$zza: zzfc$zzg$zza()
com.google.android.gms.internal.firebase-auth-api.zzaai: com.google.android.gms.tasks.Task zza()
com.google.android.recaptcha.internal.zzjg: zzjg()
com.google.android.gms.internal.measurement.zzja: java.lang.String zze(int)
com.google.android.gms.tasks.zzaf: void onFailure(java.lang.Exception)
io.flutter.embedding.engine.FlutterJNI: void onBeginFrame()
com.google.android.gms.internal.firebase-auth-api.zzvx: com.google.android.gms.internal.firebase-auth-api.zzahp zzd()
com.google.android.gms.internal.firebase-auth-api.zzain: void zza(int,com.google.android.gms.internal.firebase-auth-api.zzahp)
com.google.android.gms.internal.firebase-auth-api.zztr$zza: zztr$zza()
com.google.android.recaptcha.internal.zzkg: java.lang.Object zzh(int,java.lang.Object,java.lang.Object)
com.google.android.recaptcha.internal.zzdq: boolean addAll(java.util.Collection)
com.onesignal.inAppMessages.internal.display.impl.WebViewManager: void onActivityStopped(android.app.Activity)
com.onesignal.session.internal.session.impl.SessionListener$onSessionEnded$1: java.lang.Object invoke(kotlin.coroutines.Continuation)
com.google.android.gms.internal.firebase-auth-api.zztu: void zza(com.google.android.gms.internal.firebase-auth-api.zztu,com.google.android.gms.internal.firebase-auth-api.zztq)
com.google.android.gms.internal.measurement.zzfi$zzj$zza: long zzc()
com.google.android.gms.internal.firebase-auth-api.zzvx$zza: com.google.android.gms.internal.firebase-auth-api.zzvx$zza zza(int)
com.google.android.gms.internal.firebase-auth-api.zzwc: zzwc()
com.onesignal.common.modeling.Model: void setLongProperty$default(com.onesignal.common.modeling.Model,java.lang.String,long,java.lang.String,boolean,int,java.lang.Object)
com.google.android.gms.tasks.zzaf: void onSuccess(java.lang.Object)
com.onesignal.user.IUserManager: void addTags(java.util.Map)
com.google.android.gms.internal.measurement.zzne: long zzag()
com.onesignal.core.internal.background.impl.BackgroundManager: BackgroundManager(com.onesignal.core.internal.application.IApplicationService,com.onesignal.core.internal.time.ITime,java.util.List)
com.google.android.recaptcha.internal.zzjp: boolean zzt(java.lang.Object,long)
com.onesignal.location.internal.permissions.LocationPermissionController$onReject$1: java.lang.Object invoke(java.lang.Object)
com.onesignal.notifications.internal.registration.impl.PushRegistratorFCM: void set_configModelStore(com.onesignal.core.internal.config.ConfigModelStore)
com.onesignal.inAppMessages.internal.common.OneSignalChromeTab: boolean hasChromeTabLibrary()
androidx.core.app.NotificationCompatBuilder$Api28Impl: android.app.Notification$Action$Builder setSemanticAction(android.app.Notification$Action$Builder,int)
com.google.android.gms.internal.firebase-auth-api.zzagk: zzagk(java.lang.String,java.lang.String,java.lang.String,java.lang.String,java.lang.String,java.lang.String,java.lang.String)
androidx.appcompat.widget.AppCompatAutoCompleteTextView: void setSupportBackgroundTintList(android.content.res.ColorStateList)
com.google.zxing.oned.Code128Writer$CType: com.google.zxing.oned.Code128Writer$CType valueOf(java.lang.String)
com.google.android.gms.internal.measurement.zzal: boolean zzc(java.lang.String)
com.google.android.gms.internal.firebase-auth-api.zzagt: zzagt()